<?xml version="1.0" encoding="UTF-8"?>
<!-- Generated by org.testng.reporters.JUnitReportReporter -->
<testsuite hostname="LONDON" failures="0" tests="1" name="homepage.HomePageTests2" time="8.858" errors="0" timestamp="2020-10-07T20:27:53 BRT" skipped="0">
  <testcase classname="homepage.HomePageTests2" name="testLoginComSucesso_UsuarioLogado" time="8.858"/>
  <system-out/>
</testsuite> <!-- homepage.HomePageTests2 -->
